<?xml version="1.0" encoding="UTF-8"?>
<!-- Generated by org.testng.reporters.JUnitReportReporter -->
<testsuite hostname="Shibins-MacBook-Pro.local" failures="0" tests="2" name="ioslogin" time="12.519" errors="0" timestamp="2023-07-24T11:38:43 GST" skipped="0">
  <testcase classname="ioslogin" name="loginTobob" time="12.512"/>
  <testcase classname="ioslogin" name="printBeforeTestBegins" time="0.007"/>
</testsuite> <!-- ioslogin -->
