<?xml version="1.0" encoding="UTF-8"?>
<!-- Generated by org.testng.reporters.JUnitReportReporter -->
<testsuite hostname="Shibins-MacBook-Pro.local" failures="0" tests="2" name="iosclicktest" time="1.694" errors="0" timestamp="2023-07-21T00:50:29 GST" skipped="0">
  <testcase classname="iosclicktest" name="click" time="1.682"/>
  <testcase classname="iosclicktest" name="printBeforeTestBegins" time="0.012"/>
</testsuite> <!-- iosclicktest -->
