<?xml version="1.0" encoding="UTF-8"?>
<!-- Generated by org.testng.reporters.JUnitReportReporter -->
<testsuite hostname="Shibins-MacBook-Pro.local" failures="0" tests="1" name="basetestios" time="195.402" errors="0" timestamp="2023-07-18T01:43:31 GST" skipped="0">
  <testcase classname="basetestios" name="setup" time="195.402"/>
</testsuite> <!-- basetestios -->
