<?xml version="1.0" encoding="UTF-8"?>
<!-- Generated by org.testng.reporters.JUnitReportReporter -->
<testsuite hostname="Shibins-MacBook-Pro.local" failures="0" tests="1" name="iosbasesauselabs" time="0.006" errors="0" timestamp="2023-07-22T16:48:12 GST" skipped="0">
  <testcase classname="iosbasesauselabs" name="printBeforeTestBegins" time="0.006"/>
</testsuite> <!-- iosbasesauselabs -->
