<?xml version="1.0" encoding="UTF-8"?>
<!-- Generated by org.testng.reporters.JUnitReportReporter -->
<testsuite hostname="Shibins-MacBook-Pro.local" failures="0" tests="2" name="iospicker" time="15.476" errors="0" timestamp="2023-07-21T23:48:15 GST" skipped="0">
  <testcase classname="iospicker" name="printBeforeTestBegins" time="0.002"/>
  <testcase classname="iospicker" name="iosPickers" time="15.474"/>
</testsuite> <!-- iospicker -->
