<?xml version="1.0" encoding="UTF-8"?>
<!-- Generated by org.testng.reporters.JUnitReportReporter -->
<testsuite hostname="Shibins-MacBook-Pro.local" failures="0" tests="1" name="isotouchactions$datepicker" time="0.009" errors="1" timestamp="2023-07-21T16:50:47 GST" skipped="0">
  <testcase classname="isotouchactions$datepicker" name="datePicker" time="0.009">
    <error type="java.lang.StackOverflowError">
      <![CDATA[java.lang.StackOverflowError
at isotouchactions$datepicker.datePicker(isotouchactions.java:29)
at isotouchactions$datepicker.datePicker(isotouchactions.java:29)
at isotouchactions$datepicker.datePicker(isotouchactions.java:29)
at isotouchactions$datepicker.datePicker(isotouchactions.java:29)
at isotouchactions$datepicker.datePicker(isotouchactions.java:29)
at isotouchactions$datepicker.datePicker(isotouchactions.java:29)
at isotouchactions$datepicker.datePicker(isotouchactions.java:29)
at isotouchactions$datepicker.datePicker(isotouchactions.java:29)
at isotouchactions$datepicker.datePicker(isotouchactions.java:29)
at isotouchactions$datepicker.datePicker(isotouchactions.java:29)
at isotouchactions$datepicker.datePicker(isotouchactions.java:29)
at isotouchactions$datepicker.datePicker(isotouchactions.java:29)
at isotouchactions$datepicker.datePicker(isotouchactions.java:29)
at isotouchactions$datepicker.datePicker(isotouchactions.java:29)
at isotouchactions$datepicker.datePicker(isotouchactions.java:29)
at isotouchactions$datepicker.datePicker(isotouchactions.java:29)
at isotouchactions$datepicker.datePicker(isotouchactions.java:29)
at isotouchactions$datepicker.datePicker(isotouchactions.java:29)
at isotouchactions$datepicker.datePicker(isotouchactions.java:29)
at isotouchactions$datepicker.datePicker(isotouchactions.java:29)
at isotouchactions$datepicker.datePicker(isotouchactions.java:29)
at isotouchactions$datepicker.datePicker(isotouchactions.java:29)
at isotouchactions$datepicker.datePicker(isotouchactions.java:29)
at isotouchactions$datepicker.datePicker(isotouchactions.java:29)
at isotouchactions$datepicker.datePicker(isotouchactions.java:29)
at isotouchactions$datepicker.datePicker(isotouchactions.java:29)
at isotouchactions$datepicker.datePicker(isotouchactions.java:29)
at isotouchactions$datepicker.datePicker(isotouchactions.java:29)
at isotouchactions$datepicker.datePicker(isotouchactions.java:29)
at isotouchactions$datepicker.datePicker(isotouchactions.java:29)
at isotouchactions$datepicker.datePicker(isotouchactions.java:29)
at isotouchactions$datepicker.datePicker(isotouchactions.java:29)
at isotouchactions$datepicker.datePicker(isotouchactions.java:29)
at isotouchactions$datepicker.datePicker(isotouchactions.java:29)
at isotouchactions$datepicker.datePicker(isotouchactions.java:29)
at isotouchactions$datepicker.datePicker(isotouchactions.java:29)
at isotouchactions$datepicker.datePicker(isotouchactions.java:29)
at isotouchactions$datepicker.datePicker(isotouchactions.java:29)
at isotouchactions$datepicker.datePicker(isotouchactions.java:29)
at isotouchactions$datepicker.datePicker(isotouchactions.java:29)
at isotouchactions$datepicker.datePicker(isotouchactions.java:29)
at isotouchactions$datepicker.datePicker(isotouchactions.java:29)
at isotouchactions$datepicker.datePicker(isotouchactions.java:29)
at isotouchactions$datepicker.datePicker(isotouchactions.java:29)
at isotouchactions$datepicker.datePicker(isotouchactions.java:29)
at isotouchactions$datepicker.datePicker(isotouchactions.java:29)
at isotouchactions$datepicker.datePicker(isotouchactions.java:29)
at isotouchactions$datepicker.datePicker(isotouchactions.java:29)
at isotouchactions$datepicker.datePicker(isotouchactions.java:29)
at isotouchactions$datepicker.datePicker(isotouchactions.java:29)
at isotouchactions$datepicker.datePicker(isotouchactions.java:29)
at isotouchactions$datepicker.datePicker(isotouchactions.java:29)
at isotouchactions$datepicker.datePicker(isotouchactions.java:29)
at isotouchactions$datepicker.datePicker(isotouchactions.java:29)
at isotouchactions$datepicker.datePicker(isotouchactions.java:29)
at isotouchactions$datepicker.datePicker(isotouchactions.java:29)
at isotouchactions$datepicker.datePicker(isotouchactions.java:29)
at isotouchactions$datepicker.datePicker(isotouchactions.java:29)
at isotouchactions$datepicker.datePicker(isotouchactions.java:29)
at isotouchactions$datepicker.datePicker(isotouchactions.java:29)
at isotouchactions$datepicker.datePicker(isotouchactions.java:29)
at isotouchactions$datepicker.datePicker(isotouchactions.java:29)
at isotouchactions$datepicker.datePicker(isotouchactions.java:29)
at isotouchactions$datepicker.datePicker(isotouchactions.java:29)
at isotouchactions$datepicker.datePicker(isotouchactions.java:29)
at isotouchactions$datepicker.datePicker(isotouchactions.java:29)
at isotouchactions$datepicker.datePicker(isotouchactions.java:29)
at isotouchactions$datepicker.datePicker(isotouchactions.java:29)
at isotouchactions$datepicker.datePicker(isotouchactions.java:29)
at isotouchactions$datepicker.datePicker(isotouchactions.java:29)
at isotouchactions$datepicker.datePicker(isotouchactions.java:29)
at isotouchactions$datepicker.datePicker(isotouchactions.java:29)
at isotouchactions$datepicker.datePicker(isotouchactions.java:29)
at isotouchactions$datepicker.datePicker(isotouchactions.java:29)
at isotouchactions$datepicker.datePicker(isotouchactions.java:29)
at isotouchactions$datepicker.datePicker(isotouchactions.java:29)
at isotouchactions$datepicker.datePicker(isotouchactions.java:29)
at isotouchactions$datepicker.datePicker(isotouchactions.java:29)
at isotouchactions$datepicker.datePicker(isotouchactions.java:29)
at isotouchactions$datepicker.datePicker(isotouchactions.java:29)
at isotouchactions$datepicker.datePicker(isotouchactions.java:29)
at isotouchactions$datepicker.datePicker(isotouchactions.java:29)
at isotouchactions$datepicker.datePicker(isotouchactions.java:29)
at isotouchactions$datepicker.datePicker(isotouchactions.java:29)
at isotouchactions$datepicker.datePicker(isotouchactions.java:29)
at isotouchactions$datepicker.datePicker(isotouchactions.java:29)
at isotouchactions$datepicker.datePicker(isotouchactions.java:29)
at isotouchactions$datepicker.datePicker(isotouchactions.java:29)
at isotouchactions$datepicker.datePicker(isotouchactions.java:29)
at isotouchactions$datepicker.datePicker(isotouchactions.java:29)
at isotouchactions$datepicker.datePicker(isotouchactions.java:29)
at isotouchactions$datepicker.datePicker(isotouchactions.java:29)
at isotouchactions$datepicker.datePicker(isotouchactions.java:29)
at isotouchactions$datepicker.datePicker(isotouchactions.java:29)
at isotouchactions$datepicker.datePicker(isotouchactions.java:29)
at isotouchactions$datepicker.datePicker(isotouchactions.java:29)
at isotouchactions$datepicker.datePicker(isotouchactions.java:29)
at isotouchactions$datepicker.datePicker(isotouchactions.java:29)
at isotouchactions$datepicker.datePicker(isotouchactions.java:29)
at isotouchactions$datepicker.datePicker(isotouchactions.java:29)
at isotouchactions$datepicker.datePicker(isotouchactions.java:29)
at isotouchactions$datepicker.datePicker(isotouchactions.java:29)
at isotouchactions$datepicker.datePicker(isotouchactions.java:29)
at isotouchactions$datepicker.datePicker(isotouchactions.java:29)
at isotouchactions$datepicker.datePicker(isotouchactions.java:29)
at isotouchactions$datepicker.datePicker(isotouchactions.java:29)
at isotouchactions$datepicker.datePicker(isotouchactions.java:29)
at isotouchactions$datepicker.datePicker(isotouchactions.java:29)
at isotouchactions$datepicker.datePicker(isotouchactions.java:29)
at isotouchactions$datepicker.datePicker(isotouchactions.java:29)
at isotouchactions$datepicker.datePicker(isotouchactions.java:29)
at isotouchactions$datepicker.datePicker(isotouchactions.java:29)
at isotouchactions$datepicker.datePicker(isotouchactions.java:29)
at isotouchactions$datepicker.datePicker(isotouchactions.java:29)
at isotouchactions$datepicker.datePicker(isotouchactions.java:29)
at isotouchactions$datepicker.datePicker(isotouchactions.java:29)
at isotouchactions$datepicker.datePicker(isotouchactions.java:29)
at isotouchactions$datepicker.datePicker(isotouchactions.java:29)
at isotouchactions$datepicker.datePicker(isotouchactions.java:29)
at isotouchactions$datepicker.datePicker(isotouchactions.java:29)
at isotouchactions$datepicker.datePicker(isotouchactions.java:29)
at isotouchactions$datepicker.datePicker(isotouchactions.java:29)
at isotouchactions$datepicker.datePicker(isotouchactions.java:29)
at isotouchactions$datepicker.datePicker(isotouchactions.java:29)
at isotouchactions$datepicker.datePicker(isotouchactions.java:29)
at isotouchactions$datepicker.datePicker(isotouchactions.java:29)
at isotouchactions$datepicker.datePicker(isotouchactions.java:29)
at isotouchactions$datepicker.datePicker(isotouchactions.java:29)
at isotouchactions$datepicker.datePicker(isotouchactions.java:29)
at isotouchactions$datepicker.datePicker(isotouchactions.java:29)
at isotouchactions$datepicker.datePicker(isotouchactions.java:29)
at isotouchactions$datepicker.datePicker(isotouchactions.java:29)
at isotouchactions$datepicker.datePicker(isotouchactions.java:29)
at isotouchactions$datepicker.datePicker(isotouchactions.java:29)
at isotouchactions$datepicker.datePicker(isotouchactions.java:29)
at isotouchactions$datepicker.datePicker(isotouchactions.java:29)
at isotouchactions$datepicker.datePicker(isotouchactions.java:29)
at isotouchactions$datepicker.datePicker(isotouchactions.java:29)
at isotouchactions$datepicker.datePicker(isotouchactions.java:29)
at isotouchactions$datepicker.datePicker(isotouchactions.java:29)
at isotouchactions$datepicker.datePicker(isotouchactions.java:29)
at isotouchactions$datepicker.datePicker(isotouchactions.java:29)
at isotouchactions$datepicker.datePicker(isotouchactions.java:29)
at isotouchactions$datepicker.datePicker(isotouchactions.java:29)
at isotouchactions$datepicker.datePicker(isotouchactions.java:29)
at isotouchactions$datepicker.datePicker(isotouchactions.java:29)
at isotouchactions$datepicker.datePicker(isotouchactions.java:29)
at isotouchactions$datepicker.datePicker(isotouchactions.java:29)
at isotouchactions$datepicker.datePicker(isotouchactions.java:29)
at isotouchactions$datepicker.datePicker(isotouchactions.java:29)
at isotouchactions$datepicker.datePicker(isotouchactions.java:29)
at isotouchactions$datepicker.datePicker(isotouchactions.java:29)
at isotouchactions$datepicker.datePicker(isotouchactions.java:29)
at isotouchactions$datepicker.datePicker(isotouchactions.java:29)
at isotouchactions$datepicker.datePicker(isotouchactions.java:29)
at isotouchactions$datepicker.datePicker(isotouchactions.java:29)
at isotouchactions$datepicker.datePicker(isotouchactions.java:29)
at isotouchactions$datepicker.datePicker(isotouchactions.java:29)
at isotouchactions$datepicker.datePicker(isotouchactions.java:29)
at isotouchactions$datepicker.datePicker(isotouchactions.java:29)
at isotouchactions$datepicker.datePicker(isotouchactions.java:29)
at isotouchactions$datepicker.datePicker(isotouchactions.java:29)
at isotouchactions$datepicker.datePicker(isotouchactions.java:29)
at isotouchactions$datepicker.datePicker(isotouchactions.java:29)
at isotouchactions$datepicker.datePicker(isotouchactions.java:29)
at isotouchactions$datepicker.datePicker(isotouchactions.java:29)
at isotouchactions$datepicker.datePicker(isotouchactions.java:29)
at isotouchactions$datepicker.datePicker(isotouchactions.java:29)
at isotouchactions$datepicker.datePicker(isotouchactions.java:29)
at isotouchactions$datepicker.datePicker(isotouchactions.java:29)
at isotouchactions$datepicker.datePicker(isotouchactions.java:29)
at isotouchactions$datepicker.datePicker(isotouchactions.java:29)
at isotouchactions$datepicker.datePicker(isotouchactions.java:29)
at isotouchactions$datepicker.datePicker(isotouchactions.java:29)
at isotouchactions$datepicker.datePicker(isotouchactions.java:29)
at isotouchactions$datepicker.datePicker(isotouchactions.java:29)
at isotouchactions$datepicker.datePicker(isotouchactions.java:29)
at isotouchactions$datepicker.datePicker(isotouchactions.java:29)
at isotouchactions$datepicker.datePicker(isotouchactions.java:29)
at isotouchactions$datepicker.datePicker(isotouchactions.java:29)
at isotouchactions$datepicker.datePicker(isotouchactions.java:29)
at isotouchactions$datepicker.datePicker(isotouchactions.java:29)
at isotouchactions$datepicker.datePicker(isotouchactions.java:29)
at isotouchactions$datepicker.datePicker(isotouchactions.java:29)
at isotouchactions$datepicker.datePicker(isotouchactions.java:29)
at isotouchactions$datepicker.datePicker(isotouchactions.java:29)
at isotouchactions$datepicker.datePicker(isotouchactions.java:29)
at isotouchactions$datepicker.datePicker(isotouchactions.java:29)
at isotouchactions$datepicker.datePicker(isotouchactions.java:29)
at isotouchactions$datepicker.datePicker(isotouchactions.java:29)
at isotouchactions$datepicker.datePicker(isotouchactions.java:29)
at isotouchactions$datepicker.datePicker(isotouchactions.java:29)
at isotouchactions$datepicker.datePicker(isotouchactions.java:29)
at isotouchactions$datepicker.datePicker(isotouchactions.java:29)
at isotouchactions$datepicker.datePicker(isotouchactions.java:29)
at isotouchactions$datepicker.datePicker(isotouchactions.java:29)
at isotouchactions$datepicker.datePicker(isotouchactions.java:29)
at isotouchactions$datepicker.datePicker(isotouchactions.java:29)
at isotouchactions$datepicker.datePicker(isotouchactions.java:29)
at isotouchactions$datepicker.datePicker(isotouchactions.java:29)
at isotouchactions$datepicker.datePicker(isotouchactions.java:29)
at isotouchactions$datepicker.datePicker(isotouchactions.java:29)
at isotouchactions$datepicker.datePicker(isotouchactions.java:29)
at isotouchactions$datepicker.datePicker(isotouchactions.java:29)
at isotouchactions$datepicker.datePicker(isotouchactions.java:29)
at isotouchactions$datepicker.datePicker(isotouchactions.java:29)
at isotouchactions$datepicker.datePicker(isotouchactions.java:29)
at isotouchactions$datepicker.datePicker(isotouchactions.java:29)
at isotouchactions$datepicker.datePicker(isotouchactions.java:29)
at isotouchactions$datepicker.datePicker(isotouchactions.java:29)
at isotouchactions$datepicker.datePicker(isotouchactions.java:29)
at isotouchactions$datepicker.datePicker(isotouchactions.java:29)
at isotouchactions$datepicker.datePicker(isotouchactions.java:29)
at isotouchactions$datepicker.datePicker(isotouchactions.java:29)
at isotouchactions$datepicker.datePicker(isotouchactions.java:29)
at isotouchactions$datepicker.datePicker(isotouchactions.java:29)
at isotouchactions$datepicker.datePicker(isotouchactions.java:29)
at isotouchactions$datepicker.datePicker(isotouchactions.java:29)
at isotouchactions$datepicker.datePicker(isotouchactions.java:29)
at isotouchactions$datepicker.datePicker(isotouchactions.java:29)
at isotouchactions$datepicker.datePicker(isotouchactions.java:29)
at isotouchactions$datepicker.datePicker(isotouchactions.java:29)
at isotouchactions$datepicker.datePicker(isotouchactions.java:29)
at isotouchactions$datepicker.datePicker(isotouchactions.java:29)
at isotouchactions$datepicker.datePicker(isotouchactions.java:29)
at isotouchactions$datepicker.datePicker(isotouchactions.java:29)
at isotouchactions$datepicker.datePicker(isotouchactions.java:29)
at isotouchactions$datepicker.datePicker(isotouchactions.java:29)
at isotouchactions$datepicker.datePicker(isotouchactions.java:29)
at isotouchactions$datepicker.datePicker(isotouchactions.java:29)
at isotouchactions$datepicker.datePicker(isotouchactions.java:29)
at isotouchactions$datepicker.datePicker(isotouchactions.java:29)
at isotouchactions$datepicker.datePicker(isotouchactions.java:29)
at isotouchactions$datepicker.datePicker(isotouchactions.java:29)
at isotouchactions$datepicker.datePicker(isotouchactions.java:29)
at isotouchactions$datepicker.datePicker(isotouchactions.java:29)
at isotouchactions$datepicker.datePicker(isotouchactions.java:29)
at isotouchactions$datepicker.datePicker(isotouchactions.java:29)
at isotouchactions$datepicker.datePicker(isotouchactions.java:29)
at isotouchactions$datepicker.datePicker(isotouchactions.java:29)
at isotouchactions$datepicker.datePicker(isotouchactions.java:29)
at isotouchactions$datepicker.datePicker(isotouchactions.java:29)
at isotouchactions$datepicker.datePicker(isotouchactions.java:29)
at isotouchactions$datepicker.datePicker(isotouchactions.java:29)
at isotouchactions$datepicker.datePicker(isotouchactions.java:29)
at isotouchactions$datepicker.datePicker(isotouchactions.java:29)
at isotouchactions$datepicker.datePicker(isotouchactions.java:29)
at isotouchactions$datepicker.datePicker(isotouchactions.java:29)
at isotouchactions$datepicker.datePicker(isotouchactions.java:29)
at isotouchactions$datepicker.datePicker(isotouchactions.java:29)
at isotouchactions$datepicker.datePicker(isotouchactions.java:29)
at isotouchactions$datepicker.datePicker(isotouchactions.java:29)
at isotouchactions$datepicker.datePicker(isotouchactions.java:29)
at isotouchactions$datepicker.datePicker(isotouchactions.java:29)
at isotouchactions$datepicker.datePicker(isotouchactions.java:29)
at isotouchactions$datepicker.datePicker(isotouchactions.java:29)
at isotouchactions$datepicker.datePicker(isotouchactions.java:29)
at isotouchactions$datepicker.datePicker(isotouchactions.java:29)
at isotouchactions$datepicker.datePicker(isotouchactions.java:29)
at isotouchactions$datepicker.datePicker(isotouchactions.java:29)
at isotouchactions$datepicker.datePicker(isotouchactions.java:29)
at isotouchactions$datepicker.datePicker(isotouchactions.java:29)
at isotouchactions$datepicker.datePicker(isotouchactions.java:29)
at isotouchactions$datepicker.datePicker(isotouchactions.java:29)
at isotouchactions$datepicker.datePicker(isotouchactions.java:29)
at isotouchactions$datepicker.datePicker(isotouchactions.java:29)
at isotouchactions$datepicker.datePicker(isotouchactions.java:29)
at isotouchactions$datepicker.datePicker(isotouchactions.java:29)
at isotouchactions$datepicker.datePicker(isotouchactions.java:29)
at isotouchactions$datepicker.datePicker(isotouchactions.java:29)
at isotouchactions$datepicker.datePicker(isotouchactions.java:29)
at isotouchactions$datepicker.datePicker(isotouchactions.java:29)
at isotouchactions$datepicker.datePicker(isotouchactions.java:29)
at isotouchactions$datepicker.datePicker(isotouchactions.java:29)
at isotouchactions$datepicker.datePicker(isotouchactions.java:29)
at isotouchactions$datepicker.datePicker(isotouchactions.java:29)
at isotouchactions$datepicker.datePicker(isotouchactions.java:29)
at isotouchactions$datepicker.datePicker(isotouchactions.java:29)
at isotouchactions$datepicker.datePicker(isotouchactions.java:29)
at isotouchactions$datepicker.datePicker(isotouchactions.java:29)
at isotouchactions$datepicker.datePicker(isotouchactions.java:29)
at isotouchactions$datepicker.datePicker(isotouchactions.java:29)
at isotouchactions$datepicker.datePicker(isotouchactions.java:29)
at isotouchactions$datepicker.datePicker(isotouchactions.java:29)
at isotouchactions$datepicker.datePicker(isotouchactions.java:29)
at isotouchactions$datepicker.datePicker(isotouchactions.java:29)
at isotouchactions$datepicker.datePicker(isotouchactions.java:29)
at isotouchactions$datepicker.datePicker(isotouchactions.java:29)
at isotouchactions$datepicker.datePicker(isotouchactions.java:29)
at isotouchactions$datepicker.datePicker(isotouchactions.java:29)
at isotouchactions$datepicker.datePicker(isotouchactions.java:29)
at isotouchactions$datepicker.datePicker(isotouchactions.java:29)
at isotouchactions$datepicker.datePicker(isotouchactions.java:29)
at isotouchactions$datepicker.datePicker(isotouchactions.java:29)
at isotouchactions$datepicker.datePicker(isotouchactions.java:29)
at isotouchactions$datepicker.datePicker(isotouchactions.java:29)
at isotouchactions$datepicker.datePicker(isotouchactions.java:29)
at isotouchactions$datepicker.datePicker(isotouchactions.java:29)
at isotouchactions$datepicker.datePicker(isotouchactions.java:29)
at isotouchactions$datepicker.datePicker(isotouchactions.java:29)
at isotouchactions$datepicker.datePicker(isotouchactions.java:29)
at isotouchactions$datepicker.datePicker(isotouchactions.java:29)
at isotouchactions$datepicker.datePicker(isotouchactions.java:29)
at isotouchactions$datepicker.datePicker(isotouchactions.java:29)
at isotouchactions$datepicker.datePicker(isotouchactions.java:29)
at isotouchactions$datepicker.datePicker(isotouchactions.java:29)
at isotouchactions$datepicker.datePicker(isotouchactions.java:29)
at isotouchactions$datepicker.datePicker(isotouchactions.java:29)
at isotouchactions$datepicker.datePicker(isotouchactions.java:29)
at isotouchactions$datepicker.datePicker(isotouchactions.java:29)
at isotouchactions$datepicker.datePicker(isotouchactions.java:29)
at isotouchactions$datepicker.datePicker(isotouchactions.java:29)
at isotouchactions$datepicker.datePicker(isotouchactions.java:29)
at isotouchactions$datepicker.datePicker(isotouchactions.java:29)
at isotouchactions$datepicker.datePicker(isotouchactions.java:29)
at isotouchactions$datepicker.datePicker(isotouchactions.java:29)
at isotouchactions$datepicker.datePicker(isotouchactions.java:29)
at isotouchactions$datepicker.datePicker(isotouchactions.java:29)
at isotouchactions$datepicker.datePicker(isotouchactions.java:29)
at isotouchactions$datepicker.datePicker(isotouchactions.java:29)
at isotouchactions$datepicker.datePicker(isotouchactions.java:29)
at isotouchactions$datepicker.datePicker(isotouchactions.java:29)
at isotouchactions$datepicker.datePicker(isotouchactions.java:29)
at isotouchactions$datepicker.datePicker(isotouchactions.java:29)
at isotouchactions$datepicker.datePicker(isotouchactions.java:29)
at isotouchactions$datepicker.datePicker(isotouchactions.java:29)
at isotouchactions$datepicker.datePicker(isotouchactions.java:29)
at isotouchactions$datepicker.datePicker(isotouchactions.java:29)
at isotouchactions$datepicker.datePicker(isotouchactions.java:29)
at isotouchactions$datepicker.datePicker(isotouchactions.java:29)
at isotouchactions$datepicker.datePicker(isotouchactions.java:29)
at isotouchactions$datepicker.datePicker(isotouchactions.java:29)
at isotouchactions$datepicker.datePicker(isotouchactions.java:29)
at isotouchactions$datepicker.datePicker(isotouchactions.java:29)
at isotouchactions$datepicker.datePicker(isotouchactions.java:29)
at isotouchactions$datepicker.datePicker(isotouchactions.java:29)
at isotouchactions$datepicker.datePicker(isotouchactions.java:29)
at isotouchactions$datepicker.datePicker(isotouchactions.java:29)
at isotouchactions$datepicker.datePicker(isotouchactions.java:29)
at isotouchactions$datepicker.datePicker(isotouchactions.java:29)
at isotouchactions$datepicker.datePicker(isotouchactions.java:29)
at isotouchactions$datepicker.datePicker(isotouchactions.java:29)
at isotouchactions$datepicker.datePicker(isotouchactions.java:29)
at isotouchactions$datepicker.datePicker(isotouchactions.java:29)
at isotouchactions$datepicker.datePicker(isotouchactions.java:29)
at isotouchactions$datepicker.datePicker(isotouchactions.java:29)
at isotouchactions$datepicker.datePicker(isotouchactions.java:29)
at isotouchactions$datepicker.datePicker(isotouchactions.java:29)
at isotouchactions$datepicker.datePicker(isotouchactions.java:29)
at isotouchactions$datepicker.datePicker(isotouchactions.java:29)
at isotouchactions$datepicker.datePicker(isotouchactions.java:29)
at isotouchactions$datepicker.datePicker(isotouchactions.java:29)
at isotouchactions$datepicker.datePicker(isotouchactions.java:29)
at isotouchactions$datepicker.datePicker(isotouchactions.java:29)
at isotouchactions$datepicker.datePicker(isotouchactions.java:29)
at isotouchactions$datepicker.datePicker(isotouchactions.java:29)
at isotouchactions$datepicker.datePicker(isotouchactions.java:29)
at isotouchactions$datepicker.datePicker(isotouchactions.java:29)
at isotouchactions$datepicker.datePicker(isotouchactions.java:29)
at isotouchactions$datepicker.datePicker(isotouchactions.java:29)
at isotouchactions$datepicker.datePicker(isotouchactions.java:29)
at isotouchactions$datepicker.datePicker(isotouchactions.java:29)
at isotouchactions$datepicker.datePicker(isotouchactions.java:29)
at isotouchactions$datepicker.datePicker(isotouchactions.java:29)
at isotouchactions$datepicker.datePicker(isotouchactions.java:29)
at isotouchactions$datepicker.datePicker(isotouchactions.java:29)
at isotouchactions$datepicker.datePicker(isotouchactions.java:29)
at isotouchactions$datepicker.datePicker(isotouchactions.java:29)
at isotouchactions$datepicker.datePicker(isotouchactions.java:29)
at isotouchactions$datepicker.datePicker(isotouchactions.java:29)
at isotouchactions$datepicker.datePicker(isotouchactions.java:29)
at isotouchactions$datepicker.datePicker(isotouchactions.java:29)
at isotouchactions$datepicker.datePicker(isotouchactions.java:29)
at isotouchactions$datepicker.datePicker(isotouchactions.java:29)
at isotouchactions$datepicker.datePicker(isotouchactions.java:29)
at isotouchactions$datepicker.datePicker(isotouchactions.java:29)
at isotouchactions$datepicker.datePicker(isotouchactions.java:29)
at isotouchactions$datepicker.datePicker(isotouchactions.java:29)
at isotouchactions$datepicker.datePicker(isotouchactions.java:29)
at isotouchactions$datepicker.datePicker(isotouchactions.java:29)
at isotouchactions$datepicker.datePicker(isotouchactions.java:29)
at isotouchactions$datepicker.datePicker(isotouchactions.java:29)
at isotouchactions$datepicker.datePicker(isotouchactions.java:29)
at isotouchactions$datepicker.datePicker(isotouchactions.java:29)
at isotouchactions$datepicker.datePicker(isotouchactions.java:29)
at isotouchactions$datepicker.datePicker(isotouchactions.java:29)
at isotouchactions$datepicker.datePicker(isotouchactions.java:29)
at isotouchactions$datepicker.datePicker(isotouchactions.java:29)
at isotouchactions$datepicker.datePicker(isotouchactions.java:29)
at isotouchactions$datepicker.datePicker(isotouchactions.java:29)
at isotouchactions$datepicker.datePicker(isotouchactions.java:29)
at isotouchactions$datepicker.datePicker(isotouchactions.java:29)
at isotouchactions$datepicker.datePicker(isotouchactions.java:29)
at isotouchactions$datepicker.datePicker(isotouchactions.java:29)
at isotouchactions$datepicker.datePicker(isotouchactions.java:29)
at isotouchactions$datepicker.datePicker(isotouchactions.java:29)
at isotouchactions$datepicker.datePicker(isotouchactions.java:29)
at isotouchactions$datepicker.datePicker(isotouchactions.java:29)
at isotouchactions$datepicker.datePicker(isotouchactions.java:29)
at isotouchactions$datepicker.datePicker(isotouchactions.java:29)
at isotouchactions$datepicker.datePicker(isotouchactions.java:29)
at isotouchactions$datepicker.datePicker(isotouchactions.java:29)
at isotouchactions$datepicker.datePicker(isotouchactions.java:29)
at isotouchactions$datepicker.datePicker(isotouchactions.java:29)
at isotouchactions$datepicker.datePicker(isotouchactions.java:29)
at isotouchactions$datepicker.datePicker(isotouchactions.java:29)
at isotouchactions$datepicker.datePicker(isotouchactions.java:29)
at isotouchactions$datepicker.datePicker(isotouchactions.java:29)
at isotouchactions$datepicker.datePicker(isotouchactions.java:29)
at isotouchactions$datepicker.datePicker(isotouchactions.java:29)
at isotouchactions$datepicker.datePicker(isotouchactions.java:29)
at isotouchactions$datepicker.datePicker(isotouchactions.java:29)
at isotouchactions$datepicker.datePicker(isotouchactions.java:29)
at isotouchactions$datepicker.datePicker(isotouchactions.java:29)
at isotouchactions$datepicker.datePicker(isotouchactions.java:29)
at isotouchactions$datepicker.datePicker(isotouchactions.java:29)
at isotouchactions$datepicker.datePicker(isotouchactions.java:29)
at isotouchactions$datepicker.datePicker(isotouchactions.java:29)
at isotouchactions$datepicker.datePicker(isotouchactions.java:29)
at isotouchactions$datepicker.datePicker(isotouchactions.java:29)
at isotouchactions$datepicker.datePicker(isotouchactions.java:29)
at isotouchactions$datepicker.datePicker(isotouchactions.java:29)
at isotouchactions$datepicker.datePicker(isotouchactions.java:29)
at isotouchactions$datepicker.datePicker(isotouchactions.java:29)
at isotouchactions$datepicker.datePicker(isotouchactions.java:29)
at isotouchactions$datepicker.datePicker(isotouchactions.java:29)
at isotouchactions$datepicker.datePicker(isotouchactions.java:29)
at isotouchactions$datepicker.datePicker(isotouchactions.java:29)
at isotouchactions$datepicker.datePicker(isotouchactions.java:29)
at isotouchactions$datepicker.datePicker(isotouchactions.java:29)
at isotouchactions$datepicker.datePicker(isotouchactions.java:29)
at isotouchactions$datepicker.datePicker(isotouchactions.java:29)
at isotouchactions$datepicker.datePicker(isotouchactions.java:29)
at isotouchactions$datepicker.datePicker(isotouchactions.java:29)
at isotouchactions$datepicker.datePicker(isotouchactions.java:29)
at isotouchactions$datepicker.datePicker(isotouchactions.java:29)
at isotouchactions$datepicker.datePicker(isotouchactions.java:29)
at isotouchactions$datepicker.datePicker(isotouchactions.java:29)
at isotouchactions$datepicker.datePicker(isotouchactions.java:29)
at isotouchactions$datepicker.datePicker(isotouchactions.java:29)
at isotouchactions$datepicker.datePicker(isotouchactions.java:29)
at isotouchactions$datepicker.datePicker(isotouchactions.java:29)
at isotouchactions$datepicker.datePicker(isotouchactions.java:29)
at isotouchactions$datepicker.datePicker(isotouchactions.java:29)
at isotouchactions$datepicker.datePicker(isotouchactions.java:29)
at isotouchactions$datepicker.datePicker(isotouchactions.java:29)
at isotouchactions$datepicker.datePicker(isotouchactions.java:29)
at isotouchactions$datepicker.datePicker(isotouchactions.java:29)
at isotouchactions$datepicker.datePicker(isotouchactions.java:29)
at isotouchactions$datepicker.datePicker(isotouchactions.java:29)
at isotouchactions$datepicker.datePicker(isotouchactions.java:29)
at isotouchactions$datepicker.datePicker(isotouchactions.java:29)
at isotouchactions$datepicker.datePicker(isotouchactions.java:29)
at isotouchactions$datepicker.datePicker(isotouchactions.java:29)
at isotouchactions$datepicker.datePicker(isotouchactions.java:29)
at isotouchactions$datepicker.datePicker(isotouchactions.java:29)
at isotouchactions$datepicker.datePicker(isotouchactions.java:29)
at isotouchactions$datepicker.datePicker(isotouchactions.java:29)
at isotouchactions$datepicker.datePicker(isotouchactions.java:29)
at isotouchactions$datepicker.datePicker(isotouchactions.java:29)
at isotouchactions$datepicker.datePicker(isotouchactions.java:29)
at isotouchactions$datepicker.datePicker(isotouchactions.java:29)
at isotouchactions$datepicker.datePicker(isotouchactions.java:29)
at isotouchactions$datepicker.datePicker(isotouchactions.java:29)
at isotouchactions$datepicker.datePicker(isotouchactions.java:29)
at isotouchactions$datepicker.datePicker(isotouchactions.java:29)
at isotouchactions$datepicker.datePicker(isotouchactions.java:29)
at isotouchactions$datepicker.datePicker(isotouchactions.java:29)
at isotouchactions$datepicker.datePicker(isotouchactions.java:29)
at isotouchactions$datepicker.datePicker(isotouchactions.java:29)
at isotouchactions$datepicker.datePicker(isotouchactions.java:29)
at isotouchactions$datepicker.datePicker(isotouchactions.java:29)
at isotouchactions$datepicker.datePicker(isotouchactions.java:29)
at isotouchactions$datepicker.datePicker(isotouchactions.java:29)
at isotouchactions$datepicker.datePicker(isotouchactions.java:29)
at isotouchactions$datepicker.datePicker(isotouchactions.java:29)
at isotouchactions$datepicker.datePicker(isotouchactions.java:29)
at isotouchactions$datepicker.datePicker(isotouchactions.java:29)
at isotouchactions$datepicker.datePicker(isotouchactions.java:29)
at isotouchactions$datepicker.datePicker(isotouchactions.java:29)
at isotouchactions$datepicker.datePicker(isotouchactions.java:29)
at isotouchactions$datepicker.datePicker(isotouchactions.java:29)
at isotouchactions$datepicker.datePicker(isotouchactions.java:29)
at isotouchactions$datepicker.datePicker(isotouchactions.java:29)
at isotouchactions$datepicker.datePicker(isotouchactions.java:29)
at isotouchactions$datepicker.datePicker(isotouchactions.java:29)
at isotouchactions$datepicker.datePicker(isotouchactions.java:29)
at isotouchactions$datepicker.datePicker(isotouchactions.java:29)
at isotouchactions$datepicker.datePicker(isotouchactions.java:29)
at isotouchactions$datepicker.datePicker(isotouchactions.java:29)
at isotouchactions$datepicker.datePicker(isotouchactions.java:29)
at isotouchactions$datepicker.datePicker(isotouchactions.java:29)
at isotouchactions$datepicker.datePicker(isotouchactions.java:29)
at isotouchactions$datepicker.datePicker(isotouchactions.java:29)
at isotouchactions$datepicker.datePicker(isotouchactions.java:29)
at isotouchactions$datepicker.datePicker(isotouchactions.java:29)
at isotouchactions$datepicker.datePicker(isotouchactions.java:29)
at isotouchactions$datepicker.datePicker(isotouchactions.java:29)
at isotouchactions$datepicker.datePicker(isotouchactions.java:29)
at isotouchactions$datepicker.datePicker(isotouchactions.java:29)
at isotouchactions$datepicker.datePicker(isotouchactions.java:29)
at isotouchactions$datepicker.datePicker(isotouchactions.java:29)
at isotouchactions$datepicker.datePicker(isotouchactions.java:29)
at isotouchactions$datepicker.datePicker(isotouchactions.java:29)
at isotouchactions$datepicker.datePicker(isotouchactions.java:29)
at isotouchactions$datepicker.datePicker(isotouchactions.java:29)
at isotouchactions$datepicker.datePicker(isotouchactions.java:29)
at isotouchactions$datepicker.datePicker(isotouchactions.java:29)
at isotouchactions$datepicker.datePicker(isotouchactions.java:29)
at isotouchactions$datepicker.datePicker(isotouchactions.java:29)
at isotouchactions$datepicker.datePicker(isotouchactions.java:29)
at isotouchactions$datepicker.datePicker(isotouchactions.java:29)
at isotouchactions$datepicker.datePicker(isotouchactions.java:29)
at isotouchactions$datepicker.datePicker(isotouchactions.java:29)
at isotouchactions$datepicker.datePicker(isotouchactions.java:29)
at isotouchactions$datepicker.datePicker(isotouchactions.java:29)
at isotouchactions$datepicker.datePicker(isotouchactions.java:29)
at isotouchactions$datepicker.datePicker(isotouchactions.java:29)
at isotouchactions$datepicker.datePicker(isotouchactions.java:29)
at isotouchactions$datepicker.datePicker(isotouchactions.java:29)
at isotouchactions$datepicker.datePicker(isotouchactions.java:29)
at isotouchactions$datepicker.datePicker(isotouchactions.java:29)
at isotouchactions$datepicker.datePicker(isotouchactions.java:29)
at isotouchactions$datepicker.datePicker(isotouchactions.java:29)
at isotouchactions$datepicker.datePicker(isotouchactions.java:29)
at isotouchactions$datepicker.datePicker(isotouchactions.java:29)
at isotouchactions$datepicker.datePicker(isotouchactions.java:29)
at isotouchactions$datepicker.datePicker(isotouchactions.java:29)
at isotouchactions$datepicker.datePicker(isotouchactions.java:29)
at isotouchactions$datepicker.datePicker(isotouchactions.java:29)
at isotouchactions$datepicker.datePicker(isotouchactions.java:29)
at isotouchactions$datepicker.datePicker(isotouchactions.java:29)
at isotouchactions$datepicker.datePicker(isotouchactions.java:29)
at isotouchactions$datepicker.datePicker(isotouchactions.java:29)
at isotouchactions$datepicker.datePicker(isotouchactions.java:29)
at isotouchactions$datepicker.datePicker(isotouchactions.java:29)
at isotouchactions$datepicker.datePicker(isotouchactions.java:29)
at isotouchactions$datepicker.datePicker(isotouchactions.java:29)
at isotouchactions$datepicker.datePicker(isotouchactions.java:29)
at isotouchactions$datepicker.datePicker(isotouchactions.java:29)
at isotouchactions$datepicker.datePicker(isotouchactions.java:29)
at isotouchactions$datepicker.datePicker(isotouchactions.java:29)
at isotouchactions$datepicker.datePicker(isotouchactions.java:29)
at isotouchactions$datepicker.datePicker(isotouchactions.java:29)
at isotouchactions$datepicker.datePicker(isotouchactions.java:29)
at isotouchactions$datepicker.datePicker(isotouchactions.java:29)
at isotouchactions$datepicker.datePicker(isotouchactions.java:29)
at isotouchactions$datepicker.datePicker(isotouchactions.java:29)
at isotouchactions$datepicker.datePicker(isotouchactions.java:29)
at isotouchactions$datepicker.datePicker(isotouchactions.java:29)
at isotouchactions$datepicker.datePicker(isotouchactions.java:29)
at isotouchactions$datepicker.datePicker(isotouchactions.java:29)
at isotouchactions$datepicker.datePicker(isotouchactions.java:29)
at isotouchactions$datepicker.datePicker(isotouchactions.java:29)
at isotouchactions$datepicker.datePicker(isotouchactions.java:29)
at isotouchactions$datepicker.datePicker(isotouchactions.java:29)
at isotouchactions$datepicker.datePicker(isotouchactions.java:29)
at isotouchactions$datepicker.datePicker(isotouchactions.java:29)
at isotouchactions$datepicker.datePicker(isotouchactions.java:29)
at isotouchactions$datepicker.datePicker(isotouchactions.java:29)
at isotouchactions$datepicker.datePicker(isotouchactions.java:29)
at isotouchactions$datepicker.datePicker(isotouchactions.java:29)
at isotouchactions$datepicker.datePicker(isotouchactions.java:29)
at isotouchactions$datepicker.datePicker(isotouchactions.java:29)
at isotouchactions$datepicker.datePicker(isotouchactions.java:29)
at isotouchactions$datepicker.datePicker(isotouchactions.java:29)
at isotouchactions$datepicker.datePicker(isotouchactions.java:29)
at isotouchactions$datepicker.datePicker(isotouchactions.java:29)
at isotouchactions$datepicker.datePicker(isotouchactions.java:29)
at isotouchactions$datepicker.datePicker(isotouchactions.java:29)
at isotouchactions$datepicker.datePicker(isotouchactions.java:29)
at isotouchactions$datepicker.datePicker(isotouchactions.java:29)
at isotouchactions$datepicker.datePicker(isotouchactions.java:29)
at isotouchactions$datepicker.datePicker(isotouchactions.java:29)
at isotouchactions$datepicker.datePicker(isotouchactions.java:29)
at isotouchactions$datepicker.datePicker(isotouchactions.java:29)
at isotouchactions$datepicker.datePicker(isotouchactions.java:29)
at isotouchactions$datepicker.datePicker(isotouchactions.java:29)
at isotouchactions$datepicker.datePicker(isotouchactions.java:29)
at isotouchactions$datepicker.datePicker(isotouchactions.java:29)
at isotouchactions$datepicker.datePicker(isotouchactions.java:29)
at isotouchactions$datepicker.datePicker(isotouchactions.java:29)
at isotouchactions$datepicker.datePicker(isotouchactions.java:29)
at isotouchactions$datepicker.datePicker(isotouchactions.java:29)
at isotouchactions$datepicker.datePicker(isotouchactions.java:29)
at isotouchactions$datepicker.datePicker(isotouchactions.java:29)
at isotouchactions$datepicker.datePicker(isotouchactions.java:29)
at isotouchactions$datepicker.datePicker(isotouchactions.java:29)
at isotouchactions$datepicker.datePicker(isotouchactions.java:29)
at isotouchactions$datepicker.datePicker(isotouchactions.java:29)
at isotouchactions$datepicker.datePicker(isotouchactions.java:29)
at isotouchactions$datepicker.datePicker(isotouchactions.java:29)
at isotouchactions$datepicker.datePicker(isotouchactions.java:29)
at isotouchactions$datepicker.datePicker(isotouchactions.java:29)
at isotouchactions$datepicker.datePicker(isotouchactions.java:29)
at isotouchactions$datepicker.datePicker(isotouchactions.java:29)
at isotouchactions$datepicker.datePicker(isotouchactions.java:29)
at isotouchactions$datepicker.datePicker(isotouchactions.java:29)
at isotouchactions$datepicker.datePicker(isotouchactions.java:29)
at isotouchactions$datepicker.datePicker(isotouchactions.java:29)
at isotouchactions$datepicker.datePicker(isotouchactions.java:29)
at isotouchactions$datepicker.datePicker(isotouchactions.java:29)
at isotouchactions$datepicker.datePicker(isotouchactions.java:29)
at isotouchactions$datepicker.datePicker(isotouchactions.java:29)
at isotouchactions$datepicker.datePicker(isotouchactions.java:29)
at isotouchactions$datepicker.datePicker(isotouchactions.java:29)
at isotouchactions$datepicker.datePicker(isotouchactions.java:29)
at isotouchactions$datepicker.datePicker(isotouchactions.java:29)
at isotouchactions$datepicker.datePicker(isotouchactions.java:29)
at isotouchactions$datepicker.datePicker(isotouchactions.java:29)
at isotouchactions$datepicker.datePicker(isotouchactions.java:29)
at isotouchactions$datepicker.datePicker(isotouchactions.java:29)
at isotouchactions$datepicker.datePicker(isotouchactions.java:29)
at isotouchactions$datepicker.datePicker(isotouchactions.java:29)
at isotouchactions$datepicker.datePicker(isotouchactions.java:29)
at isotouchactions$datepicker.datePicker(isotouchactions.java:29)
at isotouchactions$datepicker.datePicker(isotouchactions.java:29)
at isotouchactions$datepicker.datePicker(isotouchactions.java:29)
at isotouchactions$datepicker.datePicker(isotouchactions.java:29)
at isotouchactions$datepicker.datePicker(isotouchactions.java:29)
at isotouchactions$datepicker.datePicker(isotouchactions.java:29)
at isotouchactions$datepicker.datePicker(isotouchactions.java:29)
at isotouchactions$datepicker.datePicker(isotouchactions.java:29)
at isotouchactions$datepicker.datePicker(isotouchactions.java:29)
at isotouchactions$datepicker.datePicker(isotouchactions.java:29)
at isotouchactions$datepicker.datePicker(isotouchactions.java:29)
at isotouchactions$datepicker.datePicker(isotouchactions.java:29)
at isotouchactions$datepicker.datePicker(isotouchactions.java:29)
at isotouchactions$datepicker.datePicker(isotouchactions.java:29)
at isotouchactions$datepicker.datePicker(isotouchactions.java:29)
at isotouchactions$datepicker.datePicker(isotouchactions.java:29)
at isotouchactions$datepicker.datePicker(isotouchactions.java:29)
at isotouchactions$datepicker.datePicker(isotouchactions.java:29)
at isotouchactions$datepicker.datePicker(isotouchactions.java:29)
at isotouchactions$datepicker.datePicker(isotouchactions.java:29)
at isotouchactions$datepicker.datePicker(isotouchactions.java:29)
at isotouchactions$datepicker.datePicker(isotouchactions.java:29)
at isotouchactions$datepicker.datePicker(isotouchactions.java:29)
at isotouchactions$datepicker.datePicker(isotouchactions.java:29)
at isotouchactions$datepicker.datePicker(isotouchactions.java:29)
at isotouchactions$datepicker.datePicker(isotouchactions.java:29)
at isotouchactions$datepicker.datePicker(isotouchactions.java:29)
at isotouchactions$datepicker.datePicker(isotouchactions.java:29)
at isotouchactions$datepicker.datePicker(isotouchactions.java:29)
at isotouchactions$datepicker.datePicker(isotouchactions.java:29)
at isotouchactions$datepicker.datePicker(isotouchactions.java:29)
at isotouchactions$datepicker.datePicker(isotouchactions.java:29)
at isotouchactions$datepicker.datePicker(isotouchactions.java:29)
at isotouchactions$datepicker.datePicker(isotouchactions.java:29)
at isotouchactions$datepicker.datePicker(isotouchactions.java:29)
at isotouchactions$datepicker.datePicker(isotouchactions.java:29)
at isotouchactions$datepicker.datePicker(isotouchactions.java:29)
at isotouchactions$datepicker.datePicker(isotouchactions.java:29)
at isotouchactions$datepicker.datePicker(isotouchactions.java:29)
at isotouchactions$datepicker.datePicker(isotouchactions.java:29)
at isotouchactions$datepicker.datePicker(isotouchactions.java:29)
at isotouchactions$datepicker.datePicker(isotouchactions.java:29)
at isotouchactions$datepicker.datePicker(isotouchactions.java:29)
at isotouchactions$datepicker.datePicker(isotouchactions.java:29)
at isotouchactions$datepicker.datePicker(isotouchactions.java:29)
at isotouchactions$datepicker.datePicker(isotouchactions.java:29)
at isotouchactions$datepicker.datePicker(isotouchactions.java:29)
at isotouchactions$datepicker.datePicker(isotouchactions.java:29)
at isotouchactions$datepicker.datePicker(isotouchactions.java:29)
at isotouchactions$datepicker.datePicker(isotouchactions.java:29)
at isotouchactions$datepicker.datePicker(isotouchactions.java:29)
at isotouchactions$datepicker.datePicker(isotouchactions.java:29)
at isotouchactions$datepicker.datePicker(isotouchactions.java:29)
at isotouchactions$datepicker.datePicker(isotouchactions.java:29)
at isotouchactions$datepicker.datePicker(isotouchactions.java:29)
at isotouchactions$datepicker.datePicker(isotouchactions.java:29)
at isotouchactions$datepicker.datePicker(isotouchactions.java:29)
at isotouchactions$datepicker.datePicker(isotouchactions.java:29)
at isotouchactions$datepicker.datePicker(isotouchactions.java:29)
at isotouchactions$datepicker.datePicker(isotouchactions.java:29)
at isotouchactions$datepicker.datePicker(isotouchactions.java:29)
at isotouchactions$datepicker.datePicker(isotouchactions.java:29)
at isotouchactions$datepicker.datePicker(isotouchactions.java:29)
at isotouchactions$datepicker.datePicker(isotouchactions.java:29)
at isotouchactions$datepicker.datePicker(isotouchactions.java:29)
at isotouchactions$datepicker.datePicker(isotouchactions.java:29)
at isotouchactions$datepicker.datePicker(isotouchactions.java:29)
at isotouchactions$datepicker.datePicker(isotouchactions.java:29)
at isotouchactions$datepicker.datePicker(isotouchactions.java:29)
at isotouchactions$datepicker.datePicker(isotouchactions.java:29)
at isotouchactions$datepicker.datePicker(isotouchactions.java:29)
at isotouchactions$datepicker.datePicker(isotouchactions.java:29)
at isotouchactions$datepicker.datePicker(isotouchactions.java:29)
at isotouchactions$datepicker.datePicker(isotouchactions.java:29)
at isotouchactions$datepicker.datePicker(isotouchactions.java:29)
at isotouchactions$datepicker.datePicker(isotouchactions.java:29)
at isotouchactions$datepicker.datePicker(isotouchactions.java:29)
at isotouchactions$datepicker.datePicker(isotouchactions.java:29)
at isotouchactions$datepicker.datePicker(isotouchactions.java:29)
at isotouchactions$datepicker.datePicker(isotouchactions.java:29)
at isotouchactions$datepicker.datePicker(isotouchactions.java:29)
at isotouchactions$datepicker.datePicker(isotouchactions.java:29)
at isotouchactions$datepicker.datePicker(isotouchactions.java:29)
at isotouchactions$datepicker.datePicker(isotouchactions.java:29)
at isotouchactions$datepicker.datePicker(isotouchactions.java:29)
at isotouchactions$datepicker.datePicker(isotouchactions.java:29)
at isotouchactions$datepicker.datePicker(isotouchactions.java:29)
at isotouchactions$datepicker.datePicker(isotouchactions.java:29)
at isotouchactions$datepicker.datePicker(isotouchactions.java:29)
at isotouchactions$datepicker.datePicker(isotouchactions.java:29)
at isotouchactions$datepicker.datePicker(isotouchactions.java:29)
at isotouchactions$datepicker.datePicker(isotouchactions.java:29)
at isotouchactions$datepicker.datePicker(isotouchactions.java:29)
at isotouchactions$datepicker.datePicker(isotouchactions.java:29)
at isotouchactions$datepicker.datePicker(isotouchactions.java:29)
at isotouchactions$datepicker.datePicker(isotouchactions.java:29)
at isotouchactions$datepicker.datePicker(isotouchactions.java:29)
at isotouchactions$datepicker.datePicker(isotouchactions.java:29)
at isotouchactions$datepicker.datePicker(isotouchactions.java:29)
at isotouchactions$datepicker.datePicker(isotouchactions.java:29)
at isotouchactions$datepicker.datePicker(isotouchactions.java:29)
at isotouchactions$datepicker.datePicker(isotouchactions.java:29)
at isotouchactions$datepicker.datePicker(isotouchactions.java:29)
at isotouchactions$datepicker.datePicker(isotouchactions.java:29)
at isotouchactions$datepicker.datePicker(isotouchactions.java:29)
at isotouchactions$datepicker.datePicker(isotouchactions.java:29)
at isotouchactions$datepicker.datePicker(isotouchactions.java:29)
at isotouchactions$datepicker.datePicker(isotouchactions.java:29)
at isotouchactions$datepicker.datePicker(isotouchactions.java:29)
at isotouchactions$datepicker.datePicker(isotouchactions.java:29)
at isotouchactions$datepicker.datePicker(isotouchactions.java:29)
at isotouchactions$datepicker.datePicker(isotouchactions.java:29)
at isotouchactions$datepicker.datePicker(isotouchactions.java:29)
at isotouchactions$datepicker.datePicker(isotouchactions.java:29)
at isotouchactions$datepicker.datePicker(isotouchactions.java:29)
at isotouchactions$datepicker.datePicker(isotouchactions.java:29)
at isotouchactions$datepicker.datePicker(isotouchactions.java:29)
at isotouchactions$datepicker.datePicker(isotouchactions.java:29)
at isotouchactions$datepicker.datePicker(isotouchactions.java:29)
at isotouchactions$datepicker.datePicker(isotouchactions.java:29)
at isotouchactions$datepicker.datePicker(isotouchactions.java:29)
at isotouchactions$datepicker.datePicker(isotouchactions.java:29)
at isotouchactions$datepicker.datePicker(isotouchactions.java:29)
at isotouchactions$datepicker.datePicker(isotouchactions.java:29)
at isotouchactions$datepicker.datePicker(isotouchactions.java:29)
at isotouchactions$datepicker.datePicker(isotouchactions.java:29)
at isotouchactions$datepicker.datePicker(isotouchactions.java:29)
at isotouchactions$datepicker.datePicker(isotouchactions.java:29)
at isotouchactions$datepicker.datePicker(isotouchactions.java:29)
at isotouchactions$datepicker.datePicker(isotouchactions.java:29)
at isotouchactions$datepicker.datePicker(isotouchactions.java:29)
at isotouchactions$datepicker.datePicker(isotouchactions.java:29)
at isotouchactions$datepicker.datePicker(isotouchactions.java:29)
at isotouchactions$datepicker.datePicker(isotouchactions.java:29)
at isotouchactions$datepicker.datePicker(isotouchactions.java:29)
at isotouchactions$datepicker.datePicker(isotouchactions.java:29)
at isotouchactions$datepicker.datePicker(isotouchactions.java:29)
at isotouchactions$datepicker.datePicker(isotouchactions.java:29)
at isotouchactions$datepicker.datePicker(isotouchactions.java:29)
at isotouchactions$datepicker.datePicker(isotouchactions.java:29)
at isotouchactions$datepicker.datePicker(isotouchactions.java:29)
at isotouchactions$datepicker.datePicker(isotouchactions.java:29)
at isotouchactions$datepicker.datePicker(isotouchactions.java:29)
at isotouchactions$datepicker.datePicker(isotouchactions.java:29)
at isotouchactions$datepicker.datePicker(isotouchactions.java:29)
at isotouchactions$datepicker.datePicker(isotouchactions.java:29)
at isotouchactions$datepicker.datePicker(isotouchactions.java:29)
at isotouchactions$datepicker.datePicker(isotouchactions.java:29)
at isotouchactions$datepicker.datePicker(isotouchactions.java:29)
at isotouchactions$datepicker.datePicker(isotouchactions.java:29)
at isotouchactions$datepicker.datePicker(isotouchactions.java:29)
at isotouchactions$datepicker.datePicker(isotouchactions.java:29)
at isotouchactions$datepicker.datePicker(isotouchactions.java:29)
at isotouchactions$datepicker.datePicker(isotouchactions.java:29)
at isotouchactions$datepicker.datePicker(isotouchactions.java:29)
at isotouchactions$datepicker.datePicker(isotouchactions.java:29)
at isotouchactions$datepicker.datePicker(isotouchactions.java:29)
at isotouchactions$datepicker.datePicker(isotouchactions.java:29)
at isotouchactions$datepicker.datePicker(isotouchactions.java:29)
at isotouchactions$datepicker.datePicker(isotouchactions.java:29)
at isotouchactions$datepicker.datePicker(isotouchactions.java:29)
at isotouchactions$datepicker.datePicker(isotouchactions.java:29)
at isotouchactions$datepicker.datePicker(isotouchactions.java:29)
at isotouchactions$datepicker.datePicker(isotouchactions.java:29)
at isotouchactions$datepicker.datePicker(isotouchactions.java:29)
at isotouchactions$datepicker.datePicker(isotouchactions.java:29)
at isotouchactions$datepicker.datePicker(isotouchactions.java:29)
at isotouchactions$datepicker.datePicker(isotouchactions.java:29)
at isotouchactions$datepicker.datePicker(isotouchactions.java:29)
at isotouchactions$datepicker.datePicker(isotouchactions.java:29)
at isotouchactions$datepicker.datePicker(isotouchactions.java:29)
at isotouchactions$datepicker.datePicker(isotouchactions.java:29)
at isotouchactions$datepicker.datePicker(isotouchactions.java:29)
at isotouchactions$datepicker.datePicker(isotouchactions.java:29)
at isotouchactions$datepicker.datePicker(isotouchactions.java:29)
at isotouchactions$datepicker.datePicker(isotouchactions.java:29)
at isotouchactions$datepicker.datePicker(isotouchactions.java:29)
at isotouchactions$datepicker.datePicker(isotouchactions.java:29)
at isotouchactions$datepicker.datePicker(isotouchactions.java:29)
at isotouchactions$datepicker.datePicker(isotouchactions.java:29)
at isotouchactions$datepicker.datePicker(isotouchactions.java:29)
at isotouchactions$datepicker.datePicker(isotouchactions.java:29)
at isotouchactions$datepicker.datePicker(isotouchactions.java:29)
at isotouchactions$datepicker.datePicker(isotouchactions.java:29)
at isotouchactions$datepicker.datePicker(isotouchactions.java:29)
at isotouchactions$datepicker.datePicker(isotouchactions.java:29)
at isotouchactions$datepicker.datePicker(isotouchactions.java:29)
at isotouchactions$datepicker.datePicker(isotouchactions.java:29)
at isotouchactions$datepicker.datePicker(isotouchactions.java:29)
at isotouchactions$datepicker.datePicker(isotouchactions.java:29)
at isotouchactions$datepicker.datePicker(isotouchactions.java:29)
at isotouchactions$datepicker.datePicker(isotouchactions.java:29)
at isotouchactions$datepicker.datePicker(isotouchactions.java:29)
at isotouchactions$datepicker.datePicker(isotouchactions.java:29)
at isotouchactions$datepicker.datePicker(isotouchactions.java:29)
at isotouchactions$datepicker.datePicker(isotouchactions.java:29)
at isotouchactions$datepicker.datePicker(isotouchactions.java:29)
at isotouchactions$datepicker.datePicker(isotouchactions.java:29)
at isotouchactions$datepicker.datePicker(isotouchactions.java:29)
at isotouchactions$datepicker.datePicker(isotouchactions.java:29)
at isotouchactions$datepicker.datePicker(isotouchactions.java:29)
at isotouchactions$datepicker.datePicker(isotouchactions.java:29)
at isotouchactions$datepicker.datePicker(isotouchactions.java:29)
at isotouchactions$datepicker.datePicker(isotouchactions.java:29)
at isotouchactions$datepicker.datePicker(isotouchactions.java:29)
at isotouchactions$datepicker.datePicker(isotouchactions.java:29)
at isotouchactions$datepicker.datePicker(isotouchactions.java:29)
at isotouchactions$datepicker.datePicker(isotouchactions.java:29)
at isotouchactions$datepicker.datePicker(isotouchactions.java:29)
at isotouchactions$datepicker.datePicker(isotouchactions.java:29)
at isotouchactions$datepicker.datePicker(isotouchactions.java:29)
at isotouchactions$datepicker.datePicker(isotouchactions.java:29)
at isotouchactions$datepicker.datePicker(isotouchactions.java:29)
at isotouchactions$datepicker.datePicker(isotouchactions.java:29)
at isotouchactions$datepicker.datePicker(isotouchactions.java:29)
at isotouchactions$datepicker.datePicker(isotouchactions.java:29)
at isotouchactions$datepicker.datePicker(isotouchactions.java:29)
at isotouchactions$datepicker.datePicker(isotouchactions.java:29)
at isotouchactions$datepicker.datePicker(isotouchactions.java:29)
at isotouchactions$datepicker.datePicker(isotouchactions.java:29)
at isotouchactions$datepicker.datePicker(isotouchactions.java:29)
at isotouchactions$datepicker.datePicker(isotouchactions.java:29)
at isotouchactions$datepicker.datePicker(isotouchactions.java:29)
at isotouchactions$datepicker.datePicker(isotouchactions.java:29)
at isotouchactions$datepicker.datePicker(isotouchactions.java:29)
at isotouchactions$datepicker.datePicker(isotouchactions.java:29)
at isotouchactions$datepicker.datePicker(isotouchactions.java:29)
at isotouchactions$datepicker.datePicker(isotouchactions.java:29)
at isotouchactions$datepicker.datePicker(isotouchactions.java:29)
at isotouchactions$datepicker.datePicker(isotouchactions.java:29)
at isotouchactions$datepicker.datePicker(isotouchactions.java:29)
at isotouchactions$datepicker.datePicker(isotouchactions.java:29)
at isotouchactions$datepicker.datePicker(isotouchactions.java:29)
at isotouchactions$datepicker.datePicker(isotouchactions.java:29)
at isotouchactions$datepicker.datePicker(isotouchactions.java:29)
at isotouchactions$datepicker.datePicker(isotouchactions.java:29)
at isotouchactions$datepicker.datePicker(isotouchactions.java:29)
at isotouchactions$datepicker.datePicker(isotouchactions.java:29)
at isotouchactions$datepicker.datePicker(isotouchactions.java:29)
at isotouchactions$datepicker.datePicker(isotouchactions.java:29)
at isotouchactions$datepicker.datePicker(isotouchactions.java:29)
at isotouchactions$datepicker.datePicker(isotouchactions.java:29)
at isotouchactions$datepicker.datePicker(isotouchactions.java:29)
at isotouchactions$datepicker.datePicker(isotouchactions.java:29)
at isotouchactions$datepicker.datePicker(isotouchactions.java:29)
at isotouchactions$datepicker.datePicker(isotouchactions.java:29)
at isotouchactions$datepicker.datePicker(isotouchactions.java:29)
at isotouchactions$datepicker.datePicker(isotouchactions.java:29)
at isotouchactions$datepicker.datePicker(isotouchactions.java:29)
at isotouchactions$datepicker.datePicker(isotouchactions.java:29)
at isotouchactions$datepicker.datePicker(isotouchactions.java:29)
at isotouchactions$datepicker.datePicker(isotouchactions.java:29)
at isotouchactions$datepicker.datePicker(isotouchactions.java:29)
at isotouchactions$datepicker.datePicker(isotouchactions.java:29)
at isotouchactions$datepicker.datePicker(isotouchactions.java:29)
at isotouchactions$datepicker.datePicker(isotouchactions.java:29)
at isotouchactions$datepicker.datePicker(isotouchactions.java:29)
at isotouchactions$datepicker.datePicker(isotouchactions.java:29)
at isotouchactions$datepicker.datePicker(isotouchactions.java:29)
at isotouchactions$datepicker.datePicker(isotouchactions.java:29)
at isotouchactions$datepicker.datePicker(isotouchactions.java:29)
at isotouchactions$datepicker.datePicker(isotouchactions.java:29)
at isotouchactions$datepicker.datePicker(isotouchactions.java:29)
at isotouchactions$datepicker.datePicker(isotouchactions.java:29)
at isotouchactions$datepicker.datePicker(isotouchactions.java:29)
at isotouchactions$datepicker.datePicker(isotouchactions.java:29)
at isotouchactions$datepicker.datePicker(isotouchactions.java:29)
at isotouchactions$datepicker.datePicker(isotouchactions.java:29)
at isotouchactions$datepicker.datePicker(isotouchactions.java:29)
at isotouchactions$datepicker.datePicker(isotouchactions.java:29)
at isotouchactions$datepicker.datePicker(isotouchactions.java:29)
at isotouchactions$datepicker.datePicker(isotouchactions.java:29)
at isotouchactions$datepicker.datePicker(isotouchactions.java:29)
at isotouchactions$datepicker.datePicker(isotouchactions.java:29)
at isotouchactions$datepicker.datePicker(isotouchactions.java:29)
at isotouchactions$datepicker.datePicker(isotouchactions.java:29)
at isotouchactions$datepicker.datePicker(isotouchactions.java:29)
at isotouchactions$datepicker.datePicker(isotouchactions.java:29)
at isotouchactions$datepicker.datePicker(isotouchactions.java:29)
at isotouchactions$datepicker.datePicker(isotouchactions.java:29)
at isotouchactions$datepicker.datePicker(isotouchactions.java:29)
at isotouchactions$datepicker.datePicker(isotouchactions.java:29)
at isotouchactions$datepicker.datePicker(isotouchactions.java:29)
at isotouchactions$datepicker.datePicker(isotouchactions.java:29)
at isotouchactions$datepicker.datePicker(isotouchactions.java:29)
at isotouchactions$datepicker.datePicker(isotouchactions.java:29)
at isotouchactions$datepicker.datePicker(isotouchactions.java:29)
at isotouchactions$datepicker.datePicker(isotouchactions.java:29)
at isotouchactions$datepicker.datePicker(isotouchactions.java:29)
at isotouchactions$datepicker.datePicker(isotouchactions.java:29)
at isotouchactions$datepicker.datePicker(isotouchactions.java:29)
at isotouchactions$datepicker.datePicker(isotouchactions.java:29)
at isotouchactions$datepicker.datePicker(isotouchactions.java:29)
at isotouchactions$datepicker.datePicker(isotouchactions.java:29)
at isotouchactions$datepicker.datePicker(isotouchactions.java:29)
at isotouchactions$datepicker.datePicker(isotouchactions.java:29)
at isotouchactions$datepicker.datePicker(isotouchactions.java:29)
at isotouchactions$datepicker.datePicker(isotouchactions.java:29)
at isotouchactions$datepicker.datePicker(isotouchactions.java:29)
at isotouchactions$datepicker.datePicker(isotouchactions.java:29)
at isotouchactions$datepicker.datePicker(isotouchactions.java:29)
at isotouchactions$datepicker.datePicker(isotouchactions.java:29)
at isotouchactions$datepicker.datePicker(isotouchactions.java:29)
at isotouchactions$datepicker.datePicker(isotouchactions.java:29)
at isotouchactions$datepicker.datePicker(isotouchactions.java:29)
at isotouchactions$datepicker.datePicker(isotouchactions.java:29)
at isotouchactions$datepicker.datePicker(isotouchactions.java:29)
at isotouchactions$datepicker.datePicker(isotouchactions.java:29)
at isotouchactions$datepicker.datePicker(isotouchactions.java:29)
at isotouchactions$datepicker.datePicker(isotouchactions.java:29)
at isotouchactions$datepicker.datePicker(isotouchactions.java:29)
at isotouchactions$datepicker.datePicker(isotouchactions.java:29)
at isotouchactions$datepicker.datePicker(isotouchactions.java:29)
at isotouchactions$datepicker.datePicker(isotouchactions.java:29)
at isotouchactions$datepicker.datePicker(isotouchactions.java:29)
at isotouchactions$datepicker.datePicker(isotouchactions.java:29)
at isotouchactions$datepicker.datePicker(isotouchactions.java:29)
at isotouchactions$datepicker.datePicker(isotouchactions.java:29)
at isotouchactions$datepicker.datePicker(isotouchactions.java:29)
at isotouchactions$datepicker.datePicker(isotouchactions.java:29)
at isotouchactions$datepicker.datePicker(isotouchactions.java:29)
at isotouchactions$datepicker.datePicker(isotouchactions.java:29)
at isotouchactions$datepicker.datePicker(isotouchactions.java:29)
at isotouchactions$datepicker.datePicker(isotouchactions.java:29)
at isotouchactions$datepicker.datePicker(isotouchactions.java:29)
at isotouchactions$datepicker.datePicker(isotouchactions.java:29)
at isotouchactions$datepicker.datePicker(isotouchactions.java:29)
at isotouchactions$datepicker.datePicker(isotouchactions.java:29)
at isotouchactions$datepicker.datePicker(isotouchactions.java:29)
at isotouchactions$datepicker.datePicker(isotouchactions.java:29)
at isotouchactions$datepicker.datePicker(isotouchactions.java:29)
at isotouchactions$datepicker.datePicker(isotouchactions.java:29)
at isotouchactions$datepicker.datePicker(isotouchactions.java:29)
at isotouchactions$datepicker.datePicker(isotouchactions.java:29)
at isotouchactions$datepicker.datePicker(isotouchactions.java:29)
at isotouchactions$datepicker.datePicker(isotouchactions.java:29)
at isotouchactions$datepicker.datePicker(isotouchactions.java:29)
at isotouchactions$datepicker.datePicker(isotouchactions.java:29)
at isotouchactions$datepicker.datePicker(isotouchactions.java:29)
at isotouchactions$datepicker.datePicker(isotouchactions.java:29)
at isotouchactions$datepicker.datePicker(isotouchactions.java:29)
at isotouchactions$datepicker.datePicker(isotouchactions.java:29)
at isotouchactions$datepicker.datePicker(isotouchactions.java:29)
at isotouchactions$datepicker.datePicker(isotouchactions.java:29)
at isotouchactions$datepicker.datePicker(isotouchactions.java:29)
at isotouchactions$datepicker.datePicker(isotouchactions.java:29)
at isotouchactions$datepicker.datePicker(isotouchactions.java:29)
at isotouchactions$datepicker.datePicker(isotouchactions.java:29)
at isotouchactions$datepicker.datePicker(isotouchactions.java:29)
at isotouchactions$datepicker.datePicker(isotouchactions.java:29)
at isotouchactions$datepicker.datePicker(isotouchactions.java:29)
at isotouchactions$datepicker.datePicker(isotouchactions.java:29)
at isotouchactions$datepicker.datePicker(isotouchactions.java:29)
at isotouchactions$datepicker.datePicker(isotouchactions.java:29)
at isotouchactions$datepicker.datePicker(isotouchactions.java:29)
at isotouchactions$datepicker.datePicker(isotouchactions.java:29)
at isotouchactions$datepicker.datePicker(isotouchactions.java:29)
at isotouchactions$datepicker.datePicker(isotouchactions.java:29)
at isotouchactions$datepicker.datePicker(isotouchactions.java:29)
at isotouchactions$datepicker.datePicker(isotouchactions.java:29)
at isotouchactions$datepicker.datePicker(isotouchactions.java:29)
at isotouchactions$datepicker.datePicker(isotouchactions.java:29)
at isotouchactions$datepicker.datePicker(isotouchactions.java:29)
at isotouchactions$datepicker.datePicker(isotouchactions.java:29)
at isotouchactions$datepicker.datePicker(isotouchactions.java:29)
at isotouchactions$datepicker.datePicker(isotouchactions.java:29)
at isotouchactions$datepicker.datePicker(isotouchactions.java:29)
at isotouchactions$datepicker.datePicker(isotouchactions.java:29)
at isotouchactions$datepicker.datePicker(isotouchactions.java:29)
at isotouchactions$datepicker.datePicker(isotouchactions.java:29)
at isotouchactions$datepicker.datePicker(isotouchactions.java:29)
at isotouchactions$datepicker.datePicker(isotouchactions.java:29)
at isotouchactions$datepicker.datePicker(isotouchactions.java:29)
at isotouchactions$datepicker.datePicker(isotouchactions.java:29)
at isotouchactions$datepicker.datePicker(isotouchactions.java:29)
at isotouchactions$datepicker.datePicker(isotouchactions.java:29)
at isotouchactions$datepicker.datePicker(isotouchactions.java:29)
at isotouchactions$datepicker.datePicker(isotouchactions.java:29)
at isotouchactions$datepicker.datePicker(isotouchactions.java:29)
at isotouchactions$datepicker.datePicker(isotouchactions.java:29)
at isotouchactions$datepicker.datePicker(isotouchactions.java:29)
at isotouchactions$datepicker.datePicker(isotouchactions.java:29)
at isotouchactions$datepicker.datePicker(isotouchactions.java:29)
at isotouchactions$datepicker.datePicker(isotouchactions.java:29)
at isotouchactions$datepicker.datePicker(isotouchactions.java:29)
at isotouchactions$datepicker.datePicker(isotouchactions.java:29)
at isotouchactions$datepicker.datePicker(isotouchactions.java:29)
at isotouchactions$datepicker.datePicker(isotouchactions.java:29)
at isotouchactions$datepicker.datePicker(isotouchactions.java:29)
at isotouchactions$datepicker.datePicker(isotouchactions.java:29)
at isotouchactions$datepicker.datePicker(isotouchactions.java:29)
at isotouchactions$datepicker.datePicker(isotouchactions.java:29)
at isotouchactions$datepicker.datePicker(isotouchactions.java:29)
at isotouchactions$datepicker.datePicker(isotouchactions.java:29)
at isotouchactions$datepicker.datePicker(isotouchactions.java:29)
at isotouchactions$datepicker.datePicker(isotouchactions.java:29)
at isotouchactions$datepicker.datePicker(isotouchactions.java:29)
at isotouchactions$datepicker.datePicker(isotouchactions.java:29)
at isotouchactions$datepicker.datePicker(isotouchactions.java:29)
at isotouchactions$datepicker.datePicker(isotouchactions.java:29)
at isotouchactions$datepicker.datePicker(isotouchactions.java:29)
at isotouchactions$datepicker.datePicker(isotouchactions.java:29)
at isotouchactions$datepicker.datePicker(isotouchactions.java:29)
at isotouchactions$datepicker.datePicker(isotouchactions.java:29)
at isotouchactions$datepicker.datePicker(isotouchactions.java:29)
at isotouchactions$datepicker.datePicker(isotouchactions.java:29)
at isotouchactions$datepicker.datePicker(isotouchactions.java:29)
at isotouchactions$datepicker.datePicker(isotouchactions.java:29)
at isotouchactions$datepicker.datePicker(isotouchactions.java:29)
]]>
    </error>
  </testcase> <!-- datePicker -->
</testsuite> <!-- isotouchactions$datepicker -->
