<?xml version="1.0" encoding="UTF-8"?>
<!-- Generated by org.testng.reporters.JUnitReportReporter -->
<testsuite hostname="Shibins-MacBook-Pro.local" failures="0" tests="1" name="iosbase" time="0.007" errors="0" timestamp="2023-07-24T03:31:12 GST" skipped="0">
  <testcase classname="iosbase" name="printBeforeTestBegins" time="0.007"/>
</testsuite> <!-- iosbase -->
