<?xml version="1.0" encoding="UTF-8"?>
<!-- Generated by org.testng.reporters.JUnitReportReporter -->
<testsuite hostname="Shibins-MacBook-Pro.local" failures="0" tests="2" name="touchactions" time="5.290" errors="0" timestamp="2023-07-14T18:10:24 GST" skipped="0">
  <testcase classname="touchactions" name="productHeadingisDisplayed" time="0.006"/>
  <testcase classname="touchactions" name="touchActions" time="5.284"/>
</testsuite> <!-- touchactions -->
