<?xml version="1.0" encoding="UTF-8"?>
<!-- Generated by org.testng.reporters.JUnitReportReporter -->
<testsuite hostname="Shibins-MacBook-Pro.local" failures="0" tests="2" name="iosdatepicker" time="4.090" errors="0" timestamp="2023-07-21T17:04:54 GST" skipped="0">
  <testcase classname="iosdatepicker" name="datePicker" time="4.088"/>
  <testcase classname="iosdatepicker" name="printBeforeTestBegins" time="0.002"/>
</testsuite> <!-- iosdatepicker -->
