<?xml version="1.0" encoding="UTF-8"?>
<!-- Generated by org.testng.reporters.JUnitReportReporter -->
<testsuite hostname="Shibins-MacBook-Pro.local" failures="0" tests="2" name="androidboblogin" time="8.053" errors="0" timestamp="2023-07-16T02:45:34 GST" skipped="0">
  <testcase classname="androidboblogin" name="loginTobob" time="8.045"/>
  <testcase classname="androidboblogin" name="productHeadingisDisplayed" time="0.008"/>
</testsuite> <!-- androidboblogin -->
