<?xml version="1.0" encoding="UTF-8"?>
<!-- Generated by org.testng.reporters.JUnitReportReporter -->
<testsuite hostname="Shibins-MacBook-Pro.local" failures="0" tests="2" name="androidbase_apidemo" time="32.107" errors="1" timestamp="2023-07-15T16:19:04 GST" skipped="1">
  <testcase classname="androidbase_apidemo" name="setUp" time="32.107">
    <error message="Could not start a new session. Response code 500. Message: An unknown server-side error occurred while processing the command. Original error: Cannot start the &#039;com.boopathy.raja.tutorial&#039; application. Consider checking the driver&#039;s troubleshooting documentation. Original error: &#039;com.boopathy.raja.tutorial.Splash&#039; or &#039;com.boopathy.raja.tutorial.com.boopathy.raja.tutorial.Splash&#039; never started. Consider checking the driver&#039;s troubleshooting documentation. 
Host info: host: &#039;Shibins-MacBook-Pro.local&#039;, ip: &#039;2001:8f8:1339:f80:80c4:5d8d:417e:2c18%en0&#039;
Build info: version: &#039;4.10.0&#039;, revision: &#039;c14d967899&#039;
System info: os.name: &#039;Mac OS X&#039;, os.arch: &#039;x86_64&#039;, os.version: &#039;13.4.1&#039;, java.version: &#039;18.0.1.1&#039;
Driver info: io.appium.java_client.android.AndroidDriver
Command: [null, newSession {capabilities=[{appium:AVD=Pixel 5 API 31, appium:app=/Applications/apidemo.apk, appium:automationName=UiAutomator2, platformName=ANDROID, appium:platformVersion=12.0}], desiredCapabilities=Capabilities {AVD: Pixel 5 API 31, app: /Applications/apidemo.apk, automationName: UiAutomator2, platformName: ANDROID, platformVersion: 12.0}}]
Capabilities {AVD: Pixel 5 API 31, app: /Applications/apidemo.apk, automationName: UiAutomator2, platformName: ANDROID, platformVersion: 12.0}" type="org.openqa.selenium.SessionNotCreatedException">
      <![CDATA[org.openqa.selenium.SessionNotCreatedException: Could not start a new session. Response code 500. Message: An unknown server-side error occurred while processing the command. Original error: Cannot start the 'com.boopathy.raja.tutorial' application. Consider checking the driver's troubleshooting documentation. Original error: 'com.boopathy.raja.tutorial.Splash' or 'com.boopathy.raja.tutorial.com.boopathy.raja.tutorial.Splash' never started. Consider checking the driver's troubleshooting documentation. 
Host info: host: 'Shibins-MacBook-Pro.local', ip: '2001:8f8:1339:f80:80c4:5d8d:417e:2c18%en0'
Build info: version: '4.10.0', revision: 'c14d967899'
System info: os.name: 'Mac OS X', os.arch: 'x86_64', os.version: '13.4.1', java.version: '18.0.1.1'
Driver info: io.appium.java_client.android.AndroidDriver
Command: [null, newSession {capabilities=[{appium:AVD=Pixel 5 API 31, appium:app=/Applications/apidemo.apk, appium:automationName=UiAutomator2, platformName=ANDROID, appium:platformVersion=12.0}], desiredCapabilities=Capabilities {AVD: Pixel 5 API 31, app: /Applications/apidemo.apk, automationName: UiAutomator2, platformName: ANDROID, platformVersion: 12.0}}]
Capabilities {AVD: Pixel 5 API 31, app: /Applications/apidemo.apk, automationName: UiAutomator2, platformName: ANDROID, platformVersion: 12.0}
at org.openqa.selenium.remote.ProtocolHandshake.createSession(ProtocolHandshake.java:140)
at java.base/jdk.internal.reflect.DirectMethodHandleAccessor.invoke(DirectMethodHandleAccessor.java:104)
at java.base/java.lang.reflect.Method.invoke(Method.java:577)
at io.appium.java_client.remote.AppiumProtocolHandshake.createSession(AppiumProtocolHandshake.java:133)
at io.appium.java_client.remote.AppiumProtocolHandshake.createSession(AppiumProtocolHandshake.java:102)
at io.appium.java_client.remote.AppiumCommandExecutor.createSession(AppiumCommandExecutor.java:182)
at io.appium.java_client.remote.AppiumCommandExecutor.execute(AppiumCommandExecutor.java:250)
at org.openqa.selenium.remote.RemoteWebDriver.execute(RemoteWebDriver.java:531)
at io.appium.java_client.AppiumDriver.startSession(AppiumDriver.java:274)
at org.openqa.selenium.remote.RemoteWebDriver.<init>(RemoteWebDriver.java:154)
at io.appium.java_client.AppiumDriver.<init>(AppiumDriver.java:89)
at io.appium.java_client.AppiumDriver.<init>(AppiumDriver.java:101)
at io.appium.java_client.android.AndroidDriver.<init>(AndroidDriver.java:113)
at androidbase_apidemo.setUp(androidbase_apidemo.java:25)
at java.base/jdk.internal.reflect.DirectMethodHandleAccessor.invoke(DirectMethodHandleAccessor.java:104)
at java.base/java.lang.reflect.Method.invoke(Method.java:577)
at org.testng.internal.invokers.MethodInvocationHelper.invokeMethod(MethodInvocationHelper.java:139)
at org.testng.internal.invokers.MethodInvocationHelper.invokeMethodConsideringTimeout(MethodInvocationHelper.java:69)
at org.testng.internal.invokers.ConfigInvoker.invokeConfigurationMethod(ConfigInvoker.java:390)
at org.testng.internal.invokers.ConfigInvoker.invokeConfigurations(ConfigInvoker.java:325)
at org.testng.TestRunner.invokeTestConfigurations(TestRunner.java:663)
at org.testng.TestRunner.beforeRun(TestRunner.java:652)
at org.testng.TestRunner.run(TestRunner.java:614)
at org.testng.SuiteRunner.runTest(SuiteRunner.java:443)
at org.testng.SuiteRunner.runSequentially(SuiteRunner.java:437)
at org.testng.SuiteRunner.privateRun(SuiteRunner.java:397)
at org.testng.SuiteRunner.run(SuiteRunner.java:336)
at org.testng.SuiteRunnerWorker.runSuite(SuiteRunnerWorker.java:52)
at org.testng.SuiteRunnerWorker.run(SuiteRunnerWorker.java:95)
at org.testng.TestNG.runSuitesSequentially(TestNG.java:1280)
at org.testng.TestNG.runSuitesLocally(TestNG.java:1200)
at org.testng.TestNG.runSuites(TestNG.java:1114)
at org.testng.TestNG.run(TestNG.java:1082)
at org.testng.remote.AbstractRemoteTestNG.run(AbstractRemoteTestNG.java:115)
at org.testng.remote.RemoteTestNG.initAndRun(RemoteTestNG.java:251)
at org.testng.remote.RemoteTestNG.main(RemoteTestNG.java:77)
]]>
    </error>
  </testcase> <!-- setUp -->
  <testcase classname="androidbase_apidemo" name="productHeadingisDisplayed" time="0.000">
    <skipped/>
  </testcase> <!-- productHeadingisDisplayed -->
</testsuite> <!-- androidbase_apidemo -->
