<?xml version="1.0" encoding="UTF-8"?>
<!-- Generated by org.testng.reporters.JUnitReportReporter -->
<testsuite hostname="Shibins-MacBook-Pro.local" failures="0" tests="1" name="basetestandroid" time="0.009" errors="0" timestamp="2023-07-14T16:58:13 GST" skipped="0">
  <testcase classname="basetestandroid" name="productHeadingisDisplayed" time="0.009"/>
</testsuite> <!-- basetestandroid -->
