<?xml version="1.0" encoding="UTF-8"?>
<!-- Generated by org.testng.reporters.JUnitReportReporter -->
<testsuite hostname="Shibins-MacBook-Pro.local" failures="0" tests="1" name="basetest" time="15.295" errors="0" timestamp="2023-07-11T03:07:25 GST" skipped="0">
  <testcase classname="basetest" name="setup" time="15.295"/>
</testsuite> <!-- basetest -->
