<?xml version="1.0" encoding="UTF-8"?>
<!-- Generated by org.testng.reporters.JUnitReportReporter -->
<testsuite hostname="Shibins-MacBook-Pro.local" failures="0" tests="1" name="verifyproductspage" time="11.537" errors="0" timestamp="2023-07-12T02:16:05 GST" skipped="0">
  <testcase classname="verifyproductspage" name="verify" time="11.537"/>
</testsuite> <!-- verifyproductspage -->
