<?xml version="1.0" encoding="UTF-8"?>
<!-- Generated by org.testng.reporters.JUnitReportReporter -->
<testsuite hostname="Shibins-MacBook-Pro.local" failures="0" tests="2" name="login" time="7.698" errors="0" timestamp="2023-07-15T01:00:58 GST" skipped="0">
  <testcase classname="login" name="loginTobob" time="7.692"/>
  <testcase classname="login" name="productHeadingisDisplayed" time="0.006"/>
</testsuite> <!-- login -->
