<?xml version="1.0" encoding="UTF-8"?>
<!-- Generated by org.testng.reporters.JUnitReportReporter -->
<testsuite hostname="Shibins-MacBook-Pro.local" failures="0" tests="2" name="ioslogininvalid" time="14.267" errors="0" timestamp="2023-07-24T11:56:23 GST" skipped="0">
  <testcase classname="ioslogininvalid" name="invalidLogin" time="14.260"/>
  <testcase classname="ioslogininvalid" name="printBeforeTestBegins" time="0.007"/>
</testsuite> <!-- ioslogininvalid -->
