<?xml version="1.0" encoding="UTF-8"?>
<!-- Generated by org.testng.reporters.JUnitReportReporter -->
<testsuite hostname="Shibins-MacBook-Pro.local" failures="0" tests="1" name="iosdraganddrop" time="8.032" errors="0" timestamp="2023-07-22T02:34:37 GST" skipped="0">
  <testcase classname="iosdraganddrop" name="dragAndDrop" time="8.032"/>
</testsuite> <!-- iosdraganddrop -->
