<?xml version="1.0" encoding="UTF-8"?>
<!-- Generated by org.testng.reporters.JUnitReportReporter -->
<testsuite hostname="Shibins-MacBook-Pro.local" failures="0" tests="1" name="iosuikitapp" time="0.008" errors="0" timestamp="2023-07-21T16:17:21 GST" skipped="0">
  <testcase classname="iosuikitapp" name="printBeforeTestBegins" time="0.008"/>
</testsuite> <!-- iosuikitapp -->
